<?xml version="1.0" encoding="UTF-8"?>
<robot generator="Robot 7.0 (Python 3.12.3 on linux)" generated="2024-05-15T13:27:27.100257" rpa="false" schemaversion="5">
<suite id="s1" name="Test" source="/home/omar/Desktop/Desktop-omar/lia/test.robot">
<test id="s1-t1" name="Test Data From Client" line="29">
<kw name="GET" owner="RequestsLibrary">
<msg time="2024-05-15T13:27:27.183606" level="INFO">GET Request : url=http://192.168.30.97:4444/ 
 path_url=/ 
 headers={'User-Agent': 'python-requests/2.31.0', 'Accept-Encoding': 'gzip, deflate', 'Accept': '*/*', 'Connection': 'keep-alive', 'Content-Length': '7'} 
 body= motion 
 </msg>
<msg time="2024-05-15T13:27:27.184702" level="INFO">GET Response : url=http://192.168.30.97:4444/ 
 status=200, reason=OK 
 headers={'Server': 'BaseHTTP/0.6 Python/3.11.2', 'Date': 'Wed, 15 May 2024 11:27:27 GMT', 'Content-type': 'application/json'} 
 body=Server is running! 
 </msg>
<msg time="2024-05-15T13:27:27.184901" level="INFO">${response} = &lt;Response [200]&gt;</msg>
<var>${response}</var>
<arg>${Client}</arg>
<arg>data= motion</arg>
<doc>Sends a GET request.</doc>
<status status="PASS" start="2024-05-15T13:27:27.154421" elapsed="0.030552"/>
</kw>
<kw name="Should Be Equal As Strings" owner="BuiltIn">
<msg time="2024-05-15T13:27:27.185965" level="INFO">Argument types are:
&lt;class 'int'&gt;
&lt;class 'str'&gt;</msg>
<arg>${response.status_code}</arg>
<arg>200</arg>
<doc>Fails if objects are unequal after converting them to strings.</doc>
<status status="PASS" start="2024-05-15T13:27:27.185374" elapsed="0.000757"/>
</kw>
<doc>Testing the data from the client</doc>
<status status="PASS" start="2024-05-15T13:27:27.153744" elapsed="0.032680"/>
</test>
<status status="PASS" start="2024-05-15T13:27:27.102477" elapsed="0.084815"/>
</suite>
<statistics>
<total>
<stat pass="1" fail="0" skip="0">All Tests</stat>
</total>
<tag>
</tag>
<suite>
<stat pass="1" fail="0" skip="0" id="s1" name="Test">Test</stat>
</suite>
</statistics>
<errors>
</errors>
</robot>
