<?xml version="1.0" encoding="UTF-8"?>
<robot generator="Robot 7.0 (Python 3.12.3 on linux)" generated="2024-05-21T14:31:24.165563" rpa="false" schemaversion="5">
<suite id="s1" name="Sensortest" source="/home/omar/Desktop/Desktop-omar/Sesame2-sim/tests/sensortest.robot">
<test id="s1-t1" name="Start and Stop Server" line="51">
<kw name="Store Tracker Start">
<kw name="Start Store Tracker" owner="StoreTrackerLibrary">
<msg time="2024-05-21T14:31:24.238888" level="INFO">Server started</msg>
<doc>Starts the Store Tracker server in a separate thread.</doc>
<status status="PASS" start="2024-05-21T14:31:24.234637" elapsed="0.004981"/>
</kw>
<doc>The Store tracker is running .</doc>
<status status="PASS" start="2024-05-21T14:31:24.233951" elapsed="0.005852"/>
</kw>
<kw name="Start Server">
<kw name="Start Process" owner="Process">
<msg time="2024-05-21T14:31:24.240778" level="INFO">Starting process:
python Store_tracker</msg>
<arg>python</arg>
<arg>Store_tracker</arg>
<arg>alias=server</arg>
<arg>shell=True</arg>
<doc>Starts a new process on background.</doc>
<status status="PASS" start="2024-05-21T14:31:24.240522" elapsed="0.003673"/>
</kw>
<doc>Start the server in a separate process.</doc>
<status status="PASS" start="2024-05-21T14:31:24.240137" elapsed="0.004407"/>
</kw>
<kw name="Sending Right Data">
<kw name="Send Data" owner="SensorSimulatorLibrary">
<msg time="2024-05-21T14:31:24.257797" level="INFO">Received POST request with data: {"frames": [{"events": [{"type": "motion", "attributes": {"Event Type": "Enter Line", "geometry_name": "sco 1", "Event End": "Exit Line"}}]}]}
Received from server: {"response": "OK"}</msg>
<msg time="2024-05-21T14:31:24.258019" level="INFO">192.168.30.97 - - [21/May/2024 14:31:24] "POST / HTTP/1.1" 200 -</msg>
<arg>${data}</arg>
<status status="PASS" start="2024-05-21T14:31:24.245666" elapsed="0.012535"/>
</kw>
<arg>${live_data}</arg>
<status status="PASS" start="2024-05-21T14:31:24.244969" elapsed="0.013408"/>
</kw>
<kw name="Check The Man In The Middle Response">
<kw name="GET" owner="RequestsLibrary">
<msg time="2024-05-21T14:31:24.273178" level="INFO">GET Request : url=http://192.168.30.97:4444/ 
 path_url=/ 
 headers={'User-Agent': 'python-requests/2.31.0', 'Accept-Encoding': 'gzip, deflate', 'Accept': '*/*', 'Connection': 'keep-alive'} 
 body=None 
 </msg>
<msg time="2024-05-21T14:31:24.273579" level="INFO">GET Response : url=http://192.168.30.97:4444/ 
 status=200, reason=OK 
 headers={'Server': 'BaseHTTP/0.6 Python/3.11.2', 'Date': 'Tue, 21 May 2024 12:31:24 GMT', 'Content-type': 'application/json'} 
 body=Store tracker is running! 
 </msg>
<msg time="2024-05-21T14:31:24.273725" level="INFO">192.168.30.97 - - [21/May/2024 14:31:24] "GET / HTTP/1.1" 200 -</msg>
<msg time="2024-05-21T14:31:24.273987" level="INFO">${response} = &lt;Response [200]&gt;</msg>
<var>${response}</var>
<arg>${RPi_client_endpoint}</arg>
<doc>Sends a GET request.</doc>
<status status="PASS" start="2024-05-21T14:31:24.259353" elapsed="0.014721"/>
</kw>
<kw name="Should Be Equal As Strings" owner="BuiltIn">
<msg time="2024-05-21T14:31:24.275039" level="INFO">Argument types are:
&lt;class 'int'&gt;
&lt;class 'str'&gt;</msg>
<arg>${response.status_code}</arg>
<arg>200</arg>
<doc>Fails if objects are unequal after converting them to strings.</doc>
<status status="PASS" start="2024-05-21T14:31:24.274317" elapsed="0.000879"/>
</kw>
<doc>Check if the server responds to a GET request.</doc>
<status status="PASS" start="2024-05-21T14:31:24.258873" elapsed="0.016434"/>
</kw>
<kw name="Check The Man In The Middle Response with POST request">
<kw name="POST" owner="RequestsLibrary">
<msg time="2024-05-21T14:31:24.292770" level="INFO">POST Request : url=http://192.168.30.97:4444/ 
 path_url=/ 
 headers={'User-Agent': 'python-requests/2.31.0', 'Accept-Encoding': 'gzip, deflate', 'Accept': '*/*', 'Connection': 'keep-alive', 'Content-Length': '132'} 
 body={"frames":[{"events":[{"type":"motion","attributes":{"Event Type":"Enter Line","geometry_name":"sco 1","Event End":"Exit Line"}}]}]} 
 </msg>
<msg time="2024-05-21T14:31:24.293057" level="INFO">POST Response : url=http://192.168.30.97:4444/ 
 status=200, reason=OK 
 headers={'Server': 'BaseHTTP/0.6 Python/3.11.2', 'Date': 'Tue, 21 May 2024 12:31:24 GMT', 'Content-type': 'application/json'} 
 body={"response": "OK"} 
 </msg>
<msg time="2024-05-21T14:31:24.293264" level="INFO">Received POST request with data: {"frames":[{"events":[{"type":"motion","attributes":{"Event Type":"Enter Line","geometry_name":"sco 1","Event End":"Exit Line"}}]}]}</msg>
<msg time="2024-05-21T14:31:24.293371" level="INFO">192.168.30.97 - - [21/May/2024 14:31:24] "POST / HTTP/1.1" 200 -</msg>
<msg time="2024-05-21T14:31:24.293546" level="INFO">${response} = &lt;Response [200]&gt;</msg>
<var>${response}</var>
<arg>${RPi_client_endpoint}</arg>
<arg>${live_data}</arg>
<doc>Sends a POST request.</doc>
<status status="PASS" start="2024-05-21T14:31:24.276032" elapsed="0.017606"/>
</kw>
<kw name="Should Be Equal As Strings" owner="BuiltIn">
<msg time="2024-05-21T14:31:24.294803" level="INFO">Argument types are:
&lt;class 'int'&gt;
&lt;class 'str'&gt;</msg>
<arg>${response.status_code}</arg>
<arg>200</arg>
<doc>Fails if objects are unequal after converting them to strings.</doc>
<status status="PASS" start="2024-05-21T14:31:24.293902" elapsed="0.001094"/>
</kw>
<kw name="Log" owner="BuiltIn">
<msg time="2024-05-21T14:31:24.295807" level="INFO">{"response": "OK"}</msg>
<arg>${response.content}</arg>
<doc>Logs the given message with the given level.</doc>
<status status="PASS" start="2024-05-21T14:31:24.295228" elapsed="0.000734"/>
</kw>
<doc>Check if the server responds to a POST request.</doc>
<status status="PASS" start="2024-05-21T14:31:24.275698" elapsed="0.020398"/>
</kw>
<kw name="Check Server Response">
<kw name="GET" owner="RequestsLibrary">
<msg time="2024-05-21T14:31:24.300219" level="INFO">GET Request : url=http://192.168.31.24:3333/ 
 path_url=/ 
 headers={'User-Agent': 'python-requests/2.31.0', 'Accept-Encoding': 'gzip, deflate', 'Accept': '*/*', 'Connection': 'keep-alive'} 
 body=None 
 </msg>
<msg time="2024-05-21T14:31:24.300480" level="INFO">GET Response : url=http://192.168.31.24:3333/ 
 status=200, reason=OK 
 headers={'Server': 'BaseHTTP/0.6 Python/3.12.3', 'Date': 'Tue, 21 May 2024 12:31:24 GMT', 'Content-type': 'application/json'} 
 body=Store tracker is running! 
 </msg>
<msg time="2024-05-21T14:31:24.300628" level="INFO">192.168.31.24 - - [21/May/2024 14:31:24] "GET / HTTP/1.1" 200 -</msg>
<msg time="2024-05-21T14:31:24.300806" level="INFO">${response} = &lt;Response [200]&gt;</msg>
<var>${response}</var>
<arg>${server_endpoint}</arg>
<doc>Sends a GET request.</doc>
<status status="PASS" start="2024-05-21T14:31:24.296765" elapsed="0.004119"/>
</kw>
<kw name="Should Be Equal As Strings" owner="BuiltIn">
<msg time="2024-05-21T14:31:24.302709" level="INFO">Argument types are:
&lt;class 'int'&gt;
&lt;class 'str'&gt;</msg>
<arg>${response.status_code}</arg>
<arg>200</arg>
<doc>Fails if objects are unequal after converting them to strings.</doc>
<status status="PASS" start="2024-05-21T14:31:24.301119" elapsed="0.001813"/>
</kw>
<doc>Check if the server responds to a GET request.</doc>
<status status="PASS" start="2024-05-21T14:31:24.296378" elapsed="0.006714"/>
</kw>
<kw name="Sleep" owner="BuiltIn">
<msg time="2024-05-21T14:31:25.304351" level="INFO">Slept 1 second.</msg>
<arg>1s</arg>
<doc>Pauses the test executed for the given time.</doc>
<status status="PASS" start="2024-05-21T14:31:24.303875" elapsed="1.000711"/>
</kw>
<kw name="Stop Server">
<kw name="Terminate Process" owner="Process">
<msg time="2024-05-21T14:31:25.305541" level="INFO">Gracefully terminating process.</msg>
<msg time="2024-05-21T14:31:25.305972" level="INFO">Process completed.</msg>
<arg>server</arg>
<doc>Stops the process gracefully or forcefully.</doc>
<status status="PASS" start="2024-05-21T14:31:25.305315" elapsed="0.000773"/>
</kw>
<doc>Stop the server process.</doc>
<status status="PASS" start="2024-05-21T14:31:25.304999" elapsed="0.001187"/>
</kw>
<kw name="Log" owner="BuiltIn">
<msg time="2024-05-21T14:31:25.306648" level="INFO">Server started and stopped successfully.</msg>
<arg>Server started and stopped successfully.</arg>
<doc>Logs the given message with the given level.</doc>
<status status="PASS" start="2024-05-21T14:31:25.306505" elapsed="0.000298"/>
</kw>
<doc>Test to start Store_tracker App and that the server stops  after 5 seconds of runtime.</doc>
<status status="PASS" start="2024-05-21T14:31:24.233288" elapsed="1.073833"/>
</test>
<status status="PASS" start="2024-05-21T14:31:24.167615" elapsed="1.140303"/>
</suite>
<statistics>
<total>
<stat pass="1" fail="0" skip="0">All Tests</stat>
</total>
<tag>
</tag>
<suite>
<stat pass="1" fail="0" skip="0" id="s1" name="Sensortest">Sensortest</stat>
</suite>
</statistics>
<errors>
</errors>
</robot>
