<?xml version="1.0" encoding="UTF-8"?>
<robot generator="Robot 7.0 (Python 3.12.3 on linux)" generated="2024-05-06T14:48:13.777625" rpa="false" schemaversion="5">
<suite id="s1" name="Test" source="/home/omar/Desktop/Desktop-omar/lia/test.robot">
<test id="s1-t1" name="Test Zone 1 or 2 Handling in Client" line="28">
<kw name="GET" owner="RequestsLibrary">
<msg time="2024-05-06T14:48:13.843167" level="INFO">GET Request : url=http://192.168.31.10:4444/ 
 path_url=/ 
 headers={'User-Agent': 'python-requests/2.31.0', 'Accept-Encoding': 'gzip, deflate', 'Accept': '*/*', 'Connection': 'keep-alive'} 
 body=None 
 </msg>
<msg time="2024-05-06T14:48:13.844295" level="INFO">GET Response : url=http://192.168.31.10:4444/ 
 status=200, reason=OK 
 headers={'Server': 'BaseHTTP/0.6 Python/3.12.3', 'Date': 'Mon, 06 May 2024 12:48:13 GMT', 'Content-type': 'text/html'} 
 body=ID: 9732, Time: 2024-05-06 14:48:13, Zone: 3 
 </msg>
<msg time="2024-05-06T14:48:13.844603" level="INFO">${response} = &lt;Response [200]&gt;</msg>
<var>${response}</var>
<arg>${RPi_client}</arg>
<doc>Sends a GET request.</doc>
<status status="PASS" start="2024-05-06T14:48:13.839959" elapsed="0.004749"/>
</kw>
<kw name="Should Be Equal As Strings" owner="BuiltIn">
<msg time="2024-05-06T14:48:13.846535" level="INFO">Argument types are:
&lt;class 'bytes'&gt;
&lt;class 'str'&gt;</msg>
<msg time="2024-05-06T14:48:13.846950" level="FAIL">ID: 9732, Time: 2024-05-06 14:48:13, Zone: 3 != do not open</msg>
<arg>${response.content}</arg>
<arg>do not open</arg>
<doc>Fails if objects are unequal after converting them to strings.</doc>
<status status="FAIL" start="2024-05-06T14:48:13.845554" elapsed="0.002300">ID: 9732, Time: 2024-05-06 14:48:13, Zone: 3 != do not open</status>
</kw>
<doc>Test to verify handling of Zone 1 or Zone 2 in client</doc>
<status status="FAIL" start="2024-05-06T14:48:13.839313" elapsed="0.009248">ID: 9732, Time: 2024-05-06 14:48:13, Zone: 3 != do not open</status>
</test>
<status status="FAIL" start="2024-05-06T14:48:13.780675" elapsed="0.069514"/>
</suite>
<statistics>
<total>
<stat pass="0" fail="1" skip="0">All Tests</stat>
</total>
<tag>
</tag>
<suite>
<stat pass="0" fail="1" skip="0" id="s1" name="Test">Test</stat>
</suite>
</statistics>
<errors>
</errors>
</robot>
