<?xml version="1.0" encoding="UTF-8"?>
<robot generator="Robot 7.0 (Python 3.12.3 on linux)" generated="2024-05-08T08:35:53.621914" rpa="false" schemaversion="5">
<suite id="s1" name="Test" source="/home/omar/Desktop/Desktop-omar/lia/test.robot">
<test id="s1-t1" name="Test Successful Communication with RPi Client" line="17">
<kw name="GET" owner="RequestsLibrary">
<msg time="2024-05-08T08:35:53.686273" level="INFO">GET Request : url=http://192.168.30.97:4444/ 
 path_url=/ 
 headers={'User-Agent': 'python-requests/2.31.0', 'Accept-Encoding': 'gzip, deflate', 'Accept': '*/*', 'Connection': 'keep-alive'} 
 body=None 
 </msg>
<msg time="2024-05-08T08:35:53.687096" level="INFO">GET Response : url=http://192.168.30.97:4444/ 
 status=200, reason=OK 
 headers={'Server': 'BaseHTTP/0.6 Python/3.11.2', 'Date': 'Wed, 08 May 2024 06:35:53 GMT', 'Content-type': 'text/html'} 
 body=ID: 1841, Time: 2024-05-08 08:35:53, Zone: 1 
 </msg>
<msg time="2024-05-08T08:35:53.687334" level="INFO">${response} = &lt;Response [200]&gt;</msg>
<var>${response}</var>
<arg>${RPi_client}</arg>
<doc>Sends a GET request.</doc>
<status status="PASS" start="2024-05-08T08:35:53.671422" elapsed="0.015995"/>
</kw>
<kw name="Should Be Equal As Strings" owner="BuiltIn">
<msg time="2024-05-08T08:35:53.688305" level="INFO">Argument types are:
&lt;class 'int'&gt;
&lt;class 'str'&gt;</msg>
<arg>${response.status_code}</arg>
<arg>200</arg>
<doc>Fails if objects are unequal after converting them to strings.</doc>
<status status="PASS" start="2024-05-08T08:35:53.687786" elapsed="0.000655"/>
</kw>
<kw name="Log" owner="BuiltIn">
<msg time="2024-05-08T08:35:53.689044" level="INFO">ID: 1841, Time: 2024-05-08 08:35:53, Zone: 1</msg>
<arg>${response.content}</arg>
<doc>Logs the given message with the given level.</doc>
<status status="PASS" start="2024-05-08T08:35:53.688657" elapsed="0.000492"/>
</kw>
<doc>Test to verify successful communication with RPi client</doc>
<status status="PASS" start="2024-05-08T08:35:53.670760" elapsed="0.018602"/>
</test>
<status status="PASS" start="2024-05-08T08:35:53.624197" elapsed="0.066325"/>
</suite>
<statistics>
<total>
<stat pass="1" fail="0" skip="0">All Tests</stat>
</total>
<tag>
</tag>
<suite>
<stat pass="1" fail="0" skip="0" id="s1" name="Test">Test</stat>
</suite>
</statistics>
<errors>
</errors>
</robot>
