<?xml version="1.0" encoding="UTF-8"?>
<robot generator="Robot 7.0 (Python 3.12.3 on linux)" generated="2024-05-30T09:19:01.931059" rpa="false" schemaversion="5">
<suite id="s1" name="Sensortest" source="/home/omar/Desktop/Desktop-omar/Sesame2-sim/tests/sensortest.robot">
<test id="s1-t1" name="Verify Man in the Middle Restarts if Unexpectedly Terminated" line="116">
<kw name="Open Connection" owner="SSHLibrary">
<arg>${man_in_the_Middle_HOST}</arg>
<doc>Opens a new SSH connection to the given ``host`` and ``port``.</doc>
<status status="PASS" start="2024-05-30T09:19:02.136487" elapsed="0.000382"/>
</kw>
<kw name="Login" owner="SSHLibrary">
<msg time="2024-05-30T09:19:02.137620" level="INFO">Logging into '192.168.30.97:22' as 'itab-lia1'.</msg>
<msg time="2024-05-30T09:19:04.694663" level="INFO">Read output: Linux raspberrypi 6.6.28+rpt-rpi-v7 #1 SMP Raspbian 1:6.6.28-1+rpt1 (2024-04-22) armv7l

The programs included with the Debian GNU/Linux system are free software;
the exact distribution terms for each program are described in the
individual files in /usr/share/doc/*/copyright.

Debian GNU/Linux comes with ABSOLUTELY NO WARRANTY, to the extent
permitted by applicable law.
Last login: Wed May 29 07:27:15 2024 from 192.168.31.24
[?2004hitab-lia1@raspberrypi:~$</msg>
<arg>${username}</arg>
<arg>${Password}</arg>
<doc>Logs into the SSH server with the given ``username`` and ``password``.</doc>
<status status="PASS" start="2024-05-30T09:19:02.137224" elapsed="2.557916"/>
</kw>
<kw name="Execute Command" owner="SSHLibrary">
<msg time="2024-05-30T09:19:04.696273" level="INFO">Executing command 'sudo systemctl restart MITM.service'.</msg>
<msg time="2024-05-30T09:19:04.896593" level="INFO">Command exited with return code 0.</msg>
<arg>${Crash_Command}</arg>
<doc>Executes ``command`` on the remote machine and returns its outputs.</doc>
<status status="PASS" start="2024-05-30T09:19:04.695671" elapsed="0.201355"/>
</kw>
<kw name="Open Connection" owner="SSHLibrary">
<arg>${man_in_the_Middle_HOST}</arg>
<doc>Opens a new SSH connection to the given ``host`` and ``port``.</doc>
<status status="PASS" start="2024-05-30T09:19:04.897468" elapsed="0.000533"/>
</kw>
<doc>Test to verify that the man in the middle successfully restarts after unexpectedly crashing.</doc>
<status status="PASS" start="2024-05-30T09:19:02.135520" elapsed="2.762831"/>
</test>
<status status="PASS" start="2024-05-30T09:19:01.935266" elapsed="2.964361"/>
</suite>
<statistics>
<total>
<stat pass="1" fail="0" skip="0">All Tests</stat>
</total>
<tag>
</tag>
<suite>
<stat pass="1" fail="0" skip="0" id="s1" name="Sensortest">Sensortest</stat>
</suite>
</statistics>
<errors>
<msg time="2024-05-30T09:19:02.034532" level="ERROR">Error in file '/home/omar/Desktop/Desktop-omar/Sesame2-sim/tests/sensortest.robot' on line 41: Variable '${IP_Host_Sensor}' not found.</msg>
</errors>
</robot>
