<?xml version="1.0" encoding="UTF-8"?>
<robot generator="Robot 7.0 (Python 3.12.3 on linux)" generated="2024-05-17T15:25:30.921304" rpa="false" schemaversion="5">
<suite id="s1" name="Testomar" source="/home/omar/Desktop/Desktop-omar/Sesame2-sim/testomar.robot">
<test id="s1-t1" name="Start Test" line="18">
<kw name="Start Sensor" owner="SensorSimulatorLibrary">
<status status="PASS" start="2024-05-17T15:25:30.938689" elapsed="0.000486"/>
</kw>
<status status="PASS" start="2024-05-17T15:25:30.938160" elapsed="0.001382"/>
</test>
<status status="PASS" start="2024-05-17T15:25:30.923423" elapsed="0.016504"/>
</suite>
<statistics>
<total>
<stat pass="1" fail="0" skip="0">All Tests</stat>
</total>
<tag>
</tag>
<suite>
<stat pass="1" fail="0" skip="0" id="s1" name="Testomar">Testomar</stat>
</suite>
</statistics>
<errors>
</errors>
</robot>
