<?xml version="1.0" encoding="UTF-8"?>
<robot generator="Robot 7.0 (Python 3.12.3 on linux)" generated="2024-05-12T16:00:24.471463" rpa="false" schemaversion="5">
<suite id="s1" name="Server Test" source="/home/omar/Desktop/Desktop-omar/lia/server_test.robot">
<test id="s1-t1" name="Test Motion Detection" line="29">
<kw name="POST" owner="RequestsLibrary">
<msg time="2024-05-12T16:00:24.591128" level="INFO">POST Request : url=http://192.168.1.155:4444/ 
 path_url=/ 
 headers={'User-Agent': 'python-requests/2.31.0', 'Accept-Encoding': 'gzip, deflate', 'Accept': '*/*', 'Connection': 'keep-alive', 'Content-Length': '6'} 
 body=motion 
 </msg>
<msg time="2024-05-12T16:00:24.592338" level="INFO">POST Response : url=http://192.168.1.155:4444/ 
 status=200, reason=OK 
 headers={'Server': 'BaseHTTP/0.6 Python/3.11.2', 'Date': 'Sun, 12 May 2024 14:00:24 GMT', 'Content-type': 'text/html'} 
 body=ID: 7599, Time: 2024-05-12 16:00:24 
 </msg>
<msg time="2024-05-12T16:00:24.592874" level="INFO">${response} = &lt;Response [200]&gt;</msg>
<var>${response}</var>
<arg>${RPi_client_endpoint}</arg>
<arg>data=motion</arg>
<doc>Sends a POST request.</doc>
<status status="PASS" start="2024-05-12T16:00:24.556168" elapsed="0.036880"/>
</kw>
<kw name="Should Be Equal As Strings" owner="BuiltIn">
<msg time="2024-05-12T16:00:24.594250" level="INFO">Argument types are:
&lt;class 'int'&gt;
&lt;class 'str'&gt;</msg>
<arg>${response.status_code}</arg>
<arg>200</arg>
<doc>Fails if objects are unequal after converting them to strings.</doc>
<status status="PASS" start="2024-05-12T16:00:24.593450" elapsed="0.001240"/>
</kw>
<kw name="Log" owner="BuiltIn">
<msg time="2024-05-12T16:00:24.595939" level="INFO">ID: 7599, Time: 2024-05-12 16:00:24</msg>
<arg>${response.content}</arg>
<doc>Logs the given message with the given level.</doc>
<status status="PASS" start="2024-05-12T16:00:24.595195" elapsed="0.000952"/>
</kw>
<doc>Test motion detection functionality</doc>
<status status="PASS" start="2024-05-12T16:00:24.555343" elapsed="0.041314"/>
</test>
<status status="PASS" start="2024-05-12T16:00:24.474774" elapsed="0.123252"/>
</suite>
<statistics>
<total>
<stat pass="1" fail="0" skip="0">All Tests</stat>
</total>
<tag>
</tag>
<suite>
<stat pass="1" fail="0" skip="0" id="s1" name="Server Test">Server Test</stat>
</suite>
</statistics>
<errors>
</errors>
</robot>
