<?xml version="1.0" encoding="UTF-8"?>
<robot generator="Robot 7.0 (Python 3.12.3 on win32)" generated="2024-05-07T08:25:06.543973" rpa="false" schemaversion="5">
<suite id="s1" name="Test" source="c:\Users\ogail\Desktop\WorkLia\HTTP_Server\test.robot">
<test id="s1-t1" name="Test Zone 3 Handling in Client" line="23">
<kw name="GET" owner="RequestsLibrary">
<msg time="2024-05-07T08:25:06.776202" level="INFO">GET Request : url=http://192.168.30.97:4444/ 
 path_url=/ 
 headers={'User-Agent': 'python-requests/2.31.0', 'Accept-Encoding': 'gzip, deflate', 'Accept': '*/*', 'Connection': 'keep-alive'} 
 body=None 
 </msg>
<msg time="2024-05-07T08:25:06.782831" level="INFO">GET Response : url=http://192.168.30.97:4444/ 
 status=200, reason=OK 
 headers={'Server': 'BaseHTTP/0.6 Python/3.11.2', 'Date': 'Tue, 07 May 2024 08:25:07 GMT', 'Content-type': 'text/html'} 
 body=ID: 7150, Time: 2024-05-07 08:25:06, Zone: 1 
 </msg>
<msg time="2024-05-07T08:25:06.783832" level="INFO">${response} = &lt;Response [200]&gt;</msg>
<var>${response}</var>
<arg>${RPi_client}</arg>
<doc>Sends a GET request.</doc>
<status status="PASS" start="2024-05-07T08:25:06.752582" elapsed="0.032250"/>
</kw>
<kw name="Log" owner="BuiltIn">
<msg time="2024-05-07T08:25:06.789379" level="INFO">ID: 7150, Time: 2024-05-07 08:25:06, Zone: 1</msg>
<arg>${response.text}</arg>
<doc>Logs the given message with the given level.</doc>
<status status="PASS" start="2024-05-07T08:25:06.787381" elapsed="0.003034"/>
</kw>
<kw name="Should Be Equal As Strings" owner="BuiltIn">
<msg time="2024-05-07T08:25:06.794395" level="INFO">Argument types are:
&lt;class 'bytes'&gt;
&lt;class 'str'&gt;</msg>
<msg time="2024-05-07T08:25:06.795909" level="FAIL">ID: 7150, Time: 2024-05-07 08:25:06, Zone: 1 != open gate</msg>
<arg>${response.content}</arg>
<arg>open gate</arg>
<doc>Fails if objects are unequal after converting them to strings.</doc>
<status status="FAIL" start="2024-05-07T08:25:06.793396" elapsed="0.004527">ID: 7150, Time: 2024-05-07 08:25:06, Zone: 1 != open gate</status>
</kw>
<doc>Test to verify handling of Zone 3 in client</doc>
<status status="FAIL" start="2024-05-07T08:25:06.750582" elapsed="0.048342">ID: 7150, Time: 2024-05-07 08:25:06, Zone: 1 != open gate</status>
</test>
<status status="FAIL" start="2024-05-07T08:25:06.551017" elapsed="0.259390"/>
</suite>
<statistics>
<total>
<stat pass="0" fail="1" skip="0">All Tests</stat>
</total>
<tag>
</tag>
<suite>
<stat pass="0" fail="1" skip="0" id="s1" name="Test">Test</stat>
</suite>
</statistics>
<errors>
</errors>
</robot>
