<?xml version="1.0" encoding="UTF-8"?>
<robot generator="Robot 7.0 (Python 3.12.3 on linux)" generated="2024-05-17T11:25:45.880077" rpa="false" schemaversion="5">
<suite id="s1" name="Sensortest" source="/home/omar/Desktop/Desktop-omar/Sesame2-sim/sensortest.robot">
<test id="s1-t1" name="Start and Stop Server" line="36">
<kw name="Start Server">
<kw name="Run Process" owner="Process">
<msg time="2024-05-17T11:25:45.907687" level="INFO">Starting process:
python Store_tracker.py</msg>
<msg time="2024-05-17T11:25:45.909859" level="INFO">Waiting for process to complete.</msg>
<arg>python</arg>
<arg>Store_tracker.py</arg>
<arg>alias=server</arg>
<arg>shell=True</arg>
<doc>Runs a process and waits for it to complete.</doc>
<status status="FAIL" start="2024-05-17T11:25:45.907543" elapsed="65.092031">Execution terminated by signal</status>
</kw>
<doc>Start the server in a separate process.</doc>
<status status="FAIL" start="2024-05-17T11:25:45.907127" elapsed="65.093111">Execution terminated by signal</status>
</kw>
<kw name="Wait For Server To Be Ready">
<doc>Wait for the server to be ready to accept connections.</doc>
<status status="NOT RUN" start="2024-05-17T11:26:51.001119" elapsed="0.000079"/>
</kw>
<kw name="Sleep" owner="BuiltIn">
<arg>5s</arg>
<doc>Pauses the test executed for the given time.</doc>
<status status="NOT RUN" start="2024-05-17T11:26:51.001565" elapsed="0.000048"/>
</kw>
<kw name="Stop Server">
<doc>Stop the server process.</doc>
<status status="NOT RUN" start="2024-05-17T11:26:51.001935" elapsed="0.000038"/>
</kw>
<kw name="Log" owner="BuiltIn">
<arg>Server started and stopped successfully.</arg>
<doc>Logs the given message with the given level.</doc>
<status status="NOT RUN" start="2024-05-17T11:26:51.002268" elapsed="0.000036"/>
</kw>
<doc>Test to start Store_tracker App and that the server stops  after 5 seconds of runtime.</doc>
<status status="FAIL" start="2024-05-17T11:25:45.906702" elapsed="65.096075">Execution terminated by signal</status>
</test>
<test id="s1-t2" name="Test Client Simulator" line="50">
<doc>Test to start the Client Simulator and verify its behavior</doc>
<tag>robot:exit</tag>
<status status="FAIL" start="2024-05-17T11:26:51.003256" elapsed="0.000861">Test execution stopped due to a fatal error.</status>
</test>
<status status="FAIL" start="2024-05-17T11:25:45.880802" elapsed="65.124134"/>
</suite>
<statistics>
<total>
<stat pass="0" fail="2" skip="0">All Tests</stat>
</total>
<tag>
<stat pass="0" fail="1" skip="0" info="combined" combined="NOT robot:exit">NOT robot:exit</stat>
</tag>
<suite>
<stat pass="0" fail="2" skip="0" id="s1" name="Sensortest">Sensortest</stat>
</suite>
</statistics>
<errors>
<msg time="2024-05-17T11:25:45.898361" level="ERROR">Error in file '/home/omar/Desktop/Desktop-omar/Sesame2-sim/sensortest.robot' on line 4: Importing library 'RequestsLibrary' failed: ModuleNotFoundError: No module named 'RequestsLibrary'
Traceback (most recent call last):
  None
PYTHONPATH:
  /home/omar/Desktop/Desktop-omar/Sesame2-sim/my_env/bin
  /usr/lib/python312.zip
  /usr/lib/python3.12
  /usr/lib/python3.12/lib-dynload
  /home/omar/Desktop/Desktop-omar/Sesame2-sim/my_env/lib/python3.12/site-packages</msg>
<msg time="2024-05-17T11:25:45.906262" level="ERROR">Error in file '/home/omar/Desktop/Desktop-omar/Sesame2-sim/sensortest.robot' on line 8: Library 'SensorSimulator' expected 0 arguments, got 2.</msg>
</errors>
</robot>
