<?xml version="1.0" encoding="UTF-8"?>
<robot generator="Robot 7.0 (Python 3.12.3 on linux)" generated="2024-05-14T13:16:04.648140" rpa="false" schemaversion="5">
<suite id="s1" name="Server Test" source="/home/omar/Desktop/Desktop-omar/lia/server_test.robot">
<test id="s1-t1" name="Test Successful Communication with RPi Client" line="38">
<kw name="GET" owner="RequestsLibrary">
<msg time="2024-05-14T13:16:04.719617" level="FAIL">ConnectionError: HTTPConnectionPool(host='192.168.30.97', port=4444): Max retries exceeded with url: / (Caused by NewConnectionError('&lt;urllib3.connection.HTTPConnection object at 0x7cf024cca3f0&gt;: Failed to establish a new connection: [Errno 111] Connection refused'))</msg>
<var>${response}</var>
<arg>${RPi_client_endpoint}</arg>
<doc>Sends a GET request.</doc>
<status status="FAIL" start="2024-05-14T13:16:04.715538" elapsed="0.008500">ConnectionError: HTTPConnectionPool(host='192.168.30.97', port=4444): Max retries exceeded with url: / (Caused by NewConnectionError('&lt;urllib3.connection.HTTPConnection object at 0x7cf024cca3f0&gt;: Failed to establish a new connection: [Errno 111] Connection refused'))</status>
</kw>
<kw name="Should Be Equal As Strings" owner="BuiltIn">
<arg>${response.status_code}</arg>
<arg>200</arg>
<doc>Fails if objects are unequal after converting them to strings.</doc>
<status status="NOT RUN" start="2024-05-14T13:16:04.724455" elapsed="0.000119"/>
</kw>
<kw name="Log" owner="BuiltIn">
<arg>${response.content}</arg>
<doc>Logs the given message with the given level.</doc>
<status status="NOT RUN" start="2024-05-14T13:16:04.724775" elapsed="0.000077"/>
</kw>
<doc>Test to verify successful communication with RPi client</doc>
<status status="FAIL" start="2024-05-14T13:16:04.714840" elapsed="0.010271">ConnectionError: HTTPConnectionPool(host='192.168.30.97', port=4444): Max retries exceeded with url: / (Caused by NewConnectionError('&lt;urllib3.connection.HTTPConnection object at 0x7cf024cca3f0&gt;: Failed to establish a new connection: [Errno 111] Connection refused'))</status>
</test>
<status status="FAIL" start="2024-05-14T13:16:04.650651" elapsed="0.075345"/>
</suite>
<statistics>
<total>
<stat pass="0" fail="1" skip="0">All Tests</stat>
</total>
<tag>
</tag>
<suite>
<stat pass="0" fail="1" skip="0" id="s1" name="Server Test">Server Test</stat>
</suite>
</statistics>
<errors>
</errors>
</robot>
